load states ...
get_ints ...
Integrals call #: 1
elapsed time (call to integrals 1) = 0.0077780840219929814
elapsed time (after integrals loops) = 0.007809542003087699
Integrals call #: 2
elapsed time (brabraketket function) = 0.00088900001719594
elapsed time (call to integrals 2) = 0.006997833028435707
Integrals call #: 3
elapsed time (call to integrals 3) = 0.004632374970242381
Integrals call #: 4
elapsed time (call to integrals 4) = 0.004519583017099649
elapsed time (after integrals loops) = 0.009194499987643212
Integrals call #: 5
elapsed time (brabraketket function) = 0.014768249995540828
elapsed time (call to integrals 5) = 0.0349767500301823
Integrals call #: 6
elapsed time (call to integrals 6) = 0.004630166047718376
elapsed time (after integrals loops) = 0.004646916990168393
Integrals call #: 7
elapsed time (brabraketket function) = 0.001006124948617071
elapsed time (call to integrals 7) = 0.006652999960351735
done
build H1
(0, 0, 0, 0)
(1, 1, 1, 1)
build H2 (1e)
build H2 (2e)
(0, 0, 0, 0)
(1, 1, 1, 1)
(0, 1, 1, 0)
(0, 0, 1, 0)
(1, 0, 1, 1)
(1, 1, 0, 1)
(0, 1, 0, 0)
(1, 1, 0, 0)
(0, 0, 1, 1)
finish H2 (subtract monomers)
Apply H
Digesting H ...
Setting up fragment-energy preconditioner ...
Initializing T ...
Baker-Campbell-Hausdorff module initialized.
Performing coupled-cluster iterations ...
  ==================================================================================
  Optimization using Newton's method.
  Convergence when step-vector relative norm is less than 1e-10.
  DIIS will be used to accelerate convergence.
    DIIS will be invoked at Cycle 1
    DIIS Max subspace dimension = 5
  ==================================================================================
  Optimization Cycle: 1
    Computing Newton step ...
      Computing gradient and inverse Hessian ...
        Evaluating BCH expansion for  exp(-T) H exp(T)  ...
        Projection:  E_CCSD = <0| [exp(-T) H exp(T)] |0>
        -------------------------
        E_CCSD = 0.0000000000000000e+00
        -------------------------
        Approximate inverse Hessian from perturbation theory  ~=  [1/(F-Eo)]
      Applying inverse Hessian to gradient ...
    DIIS extrapolation ...
  Relative step norm = 1.000e+00
  Cycle Cumulative Time = 0.0007431507110595703
  ==================================================================================
  Optimization Cycle: 2
    Computing Newton step ...
      Computing gradient and inverse Hessian ...
        Evaluating BCH expansion for  exp(-T) H exp(T)  ...
        Projection:  E_CCSD = <0| [exp(-T) H exp(T)] |0>
        -------------------------
        E_CCSD = -2.9576905078227168e-03
        -------------------------
        Approximate inverse Hessian from perturbation theory  ~=  [1/(F-Eo)]
      Applying inverse Hessian to gradient ...
    DIIS extrapolation ...
  Relative step norm = 2.618e-01
  Cycle Cumulative Time = 0.0014231204986572266
  ==================================================================================
  Optimization Cycle: 3
    Computing Newton step ...
      Computing gradient and inverse Hessian ...
        Evaluating BCH expansion for  exp(-T) H exp(T)  ...
        Projection:  E_CCSD = <0| [exp(-T) H exp(T)] |0>
        -------------------------
        E_CCSD = -3.1644082273331285e-03
        -------------------------
        Approximate inverse Hessian from perturbation theory  ~=  [1/(F-Eo)]
      Applying inverse Hessian to gradient ...
    DIIS extrapolation ...
  Relative step norm = 8.547e-02
  Cycle Cumulative Time = 0.0021092891693115234
  ==================================================================================
  Optimization Cycle: 4
    Computing Newton step ...
      Computing gradient and inverse Hessian ...
        Evaluating BCH expansion for  exp(-T) H exp(T)  ...
        Projection:  E_CCSD = <0| [exp(-T) H exp(T)] |0>
        -------------------------
        E_CCSD = -3.4161921061089851e-03
        -------------------------
        Approximate inverse Hessian from perturbation theory  ~=  [1/(F-Eo)]
      Applying inverse Hessian to gradient ...
    DIIS extrapolation ...
  Relative step norm = 8.454e-03
  Cycle Cumulative Time = 0.0028259754180908203
  ==================================================================================
  Optimization Cycle: 5
    Computing Newton step ...
      Computing gradient and inverse Hessian ...
        Evaluating BCH expansion for  exp(-T) H exp(T)  ...
        Projection:  E_CCSD = <0| [exp(-T) H exp(T)] |0>
        -------------------------
        E_CCSD = -3.4241084235957192e-03
        -------------------------
        Approximate inverse Hessian from perturbation theory  ~=  [1/(F-Eo)]
      Applying inverse Hessian to gradient ...
    DIIS extrapolation ...
  Relative step norm = 1.487e-03
  Cycle Cumulative Time = 0.0035610198974609375
  ==================================================================================
  Optimization Cycle: 6
    Computing Newton step ...
      Computing gradient and inverse Hessian ...
        Evaluating BCH expansion for  exp(-T) H exp(T)  ...
        Projection:  E_CCSD = <0| [exp(-T) H exp(T)] |0>
        -------------------------
        E_CCSD = -3.4272811883098208e-03
        -------------------------
        Approximate inverse Hessian from perturbation theory  ~=  [1/(F-Eo)]
      Applying inverse Hessian to gradient ...
    DIIS extrapolation ...
  Relative step norm = 8.182e-05
  Cycle Cumulative Time = 0.00427699089050293
  ==================================================================================
  Optimization Cycle: 7
    Computing Newton step ...
      Computing gradient and inverse Hessian ...
        Evaluating BCH expansion for  exp(-T) H exp(T)  ...
        Projection:  E_CCSD = <0| [exp(-T) H exp(T)] |0>
        -------------------------
        E_CCSD = -3.4272701051003794e-03
        -------------------------
        Approximate inverse Hessian from perturbation theory  ~=  [1/(F-Eo)]
      Applying inverse Hessian to gradient ...
    DIIS extrapolation ...
  Relative step norm = 1.485e-05
  Cycle Cumulative Time = 0.004989147186279297
  ==================================================================================
  Optimization Cycle: 8
    Computing Newton step ...
      Computing gradient and inverse Hessian ...
        Evaluating BCH expansion for  exp(-T) H exp(T)  ...
        Projection:  E_CCSD = <0| [exp(-T) H exp(T)] |0>
        -------------------------
        E_CCSD = -3.4272825487581095e-03
        -------------------------
        Approximate inverse Hessian from perturbation theory  ~=  [1/(F-Eo)]
      Applying inverse Hessian to gradient ...
    DIIS extrapolation ...
  Relative step norm = 2.246e-06
  Cycle Cumulative Time = 0.005813121795654297
  ==================================================================================
  Optimization Cycle: 9
    Computing Newton step ...
      Computing gradient and inverse Hessian ...
        Evaluating BCH expansion for  exp(-T) H exp(T)  ...
        Projection:  E_CCSD = <0| [exp(-T) H exp(T)] |0>
        -------------------------
        E_CCSD = -3.4272863855183697e-03
        -------------------------
        Approximate inverse Hessian from perturbation theory  ~=  [1/(F-Eo)]
      Applying inverse Hessian to gradient ...
    DIIS extrapolation ...
  Relative step norm = 9.195e-08
  Cycle Cumulative Time = 0.006524324417114258
  ==================================================================================
  Optimization Cycle: 10
    Computing Newton step ...
      Computing gradient and inverse Hessian ...
        Evaluating BCH expansion for  exp(-T) H exp(T)  ...
        Projection:  E_CCSD = <0| [exp(-T) H exp(T)] |0>
        -------------------------
        E_CCSD = -3.4272863120150001e-03
        -------------------------
        Approximate inverse Hessian from perturbation theory  ~=  [1/(F-Eo)]
      Applying inverse Hessian to gradient ...
    DIIS extrapolation ...
  Relative step norm = 9.850e-09
  Cycle Cumulative Time = 0.007247209548950195
  ==================================================================================
  Optimization Cycle: 11
    Computing Newton step ...
      Computing gradient and inverse Hessian ...
        Evaluating BCH expansion for  exp(-T) H exp(T)  ...
        Projection:  E_CCSD = <0| [exp(-T) H exp(T)] |0>
        -------------------------
        E_CCSD = -3.4272863327168804e-03
        -------------------------
        Approximate inverse Hessian from perturbation theory  ~=  [1/(F-Eo)]
      Applying inverse Hessian to gradient ...
    DIIS extrapolation ...
  Relative step norm = 1.008e-09
  Cycle Cumulative Time = 0.007965326309204102
  ==================================================================================
  Optimization Cycle: 12
    Computing Newton step ...
      Computing gradient and inverse Hessian ...
        Evaluating BCH expansion for  exp(-T) H exp(T)  ...
        Projection:  E_CCSD = <0| [exp(-T) H exp(T)] |0>
        -------------------------
        E_CCSD = -3.4272863361952260e-03
        -------------------------
        Approximate inverse Hessian from perturbation theory  ~=  [1/(F-Eo)]
      Applying inverse Hessian to gradient ...
    DIIS extrapolation ...
  Relative step norm = 3.155e-10
  Cycle Cumulative Time = 0.008682966232299805
  ==================================================================================
  Optimization Cycle: 13
    Computing Newton step ...
      Computing gradient and inverse Hessian ...
        Evaluating BCH expansion for  exp(-T) H exp(T)  ...
        Projection:  E_CCSD = <0| [exp(-T) H exp(T)] |0>
        -------------------------
        E_CCSD = -3.4272863371136702e-03
        -------------------------
        Approximate inverse Hessian from perturbation theory  ~=  [1/(F-Eo)]
      Applying inverse Hessian to gradient ...
    DIIS extrapolation ...
  Relative step norm = 2.533e-11
  Cycle Cumulative Time = 0.009399175643920898
  ==================================================================================
  Optimization Converged! (13 cycles)
  ==================================================================================
  Computing function value at final point ...
    Evaluating BCH expansion for  exp(-T) H exp(T)  ...
    Projection:  E_CCSD = <0| [exp(-T) H exp(T)] |0>
    -------------------------
    E_CCSD = -3.4272863371772183e-03
    -------------------------
  Cycle Cumulative Time = 0.00982213020324707
  Final function value = -0.0034272863371772183
  ==================================================================================
CCSD Time 0.009894132614135742
CCSD Energy = -31.107293448873413 Hartree

Total Excitonic CCSD Energy (test) =  -29.225774484997856
GLOBAL
  Total time:   1.33
  apply                            4.32%    0.06 s      1 calls
  setup                           25.44%    0.34 s      1 calls
  build                           70.24%    0.93 s      1 calls
  100.00% accounted for
MATRIX
  Total time:   1.33
  block evaluation                69.76%    0.93 s    278 calls
  69.76% accounted for
INTEGRALS
  Total time:   1.33
  1e integrals SVD                 0.05%    0.00 s     16 calls
  2e integrals SVD                 7.27%    0.10 s     11 calls
   7.33% accounted for
DIAGRAMS
  Total time:   1.33
  v0011                            2.07%    0.03 s      2 calls
  u100                             2.89%    0.04 s     18 calls
  u001                             3.37%    0.04 s      8 calls
  u101                             3.38%    0.04 s      8 calls
  t01                              3.44%    0.05 s      8 calls
  u000                             5.68%    0.08 s     12 calls
  t00                              5.82%    0.08 s     12 calls
  v0010                            6.76%    0.09 s      8 calls
  v0100                            7.60%    0.10 s      8 calls
  v0110                           10.34%    0.14 s      9 calls
  v0000                           18.08%    0.24 s     12 calls
  69.43% accounted for
PRECONTRACTIONS
  Total time:   1.33
  aa#sr_V##rs                      0.49%    0.01 s      2 calls
  a#q_T#q                          1.04%    0.01 s      4 calls
  a#q_U##q                         2.02%    0.03 s      8 calls
  cca#pqs_Vpq#s                    3.06%    0.04 s      4 calls
  caa#psr_Vp#rs                    3.87%    0.05 s      4 calls
  ca#ps_Vp##s                      4.32%    0.06 s      3 calls
  ca#pq_Tpq                        5.79%    0.08 s     12 calls
  ca#pq_U#pq                       8.51%    0.11 s     18 calls
  ccaa#pqsr_Vpqrs                 15.46%    0.21 s     12 calls
  44.56% accounted for
TENSORNET COMPONENTS
  Total time:   1.33
  heuristic                        2.10%    0.03 s  22212 calls
  contract                         2.99%    0.04 s   7706 calls
  tensor_network._evaluate         6.15%    0.08 s  59010 calls
  backend.contract                38.29%    0.51 s  22212 calls
  49.53% accounted for
TENSORLY BACKEND
  Total time:   1.33
  admin                            4.98%    0.07 s  22212 calls
  einsum                          30.92%    0.41 s  22212 calls
  35.90% accounted for
