load states ...
get_ints ...
Integrals call #: 1
elapsed time (call to integrals 1) = 0.00765024998690933
elapsed time (after integrals loops) = 0.00767833401914686
Integrals call #: 2
elapsed time (brabraketket function) = 0.0008917920058593154
elapsed time (call to integrals 2) = 0.006857000000309199
Integrals call #: 3
elapsed time (call to integrals 3) = 0.0044932919554412365
Integrals call #: 4
elapsed time (call to integrals 4) = 0.004378082987386733
elapsed time (after integrals loops) = 0.00891441700514406
Integrals call #: 5
elapsed time (brabraketket function) = 0.014073457976337522
elapsed time (call to integrals 5) = 0.03351691603893414
Integrals call #: 6
elapsed time (call to integrals 6) = 0.004433375026565045
elapsed time (after integrals loops) = 0.004449124971870333
Integrals call #: 7
elapsed time (brabraketket function) = 0.000938541954383254
elapsed time (call to integrals 7) = 0.006397041026502848
done
build H1
(0, 0, 0, 0)
(1, 1, 1, 1)
build S2inv
build S2H2 (1e)
build S2H2 (2e)
(0, 0, 0, 0)
(1, 1, 1, 1)
(0, 1, 1, 0)
(0, 0, 1, 0)
(1, 0, 1, 1)
(1, 1, 0, 1)
(0, 1, 0, 0)
(1, 1, 0, 0)
(0, 0, 1, 1)
(1, 1, 1, 0)
(0, 0, 0, 1)
(0, 1, 0, 0)
(1, 0, 1, 1)
(0, 0, 0, 0)
(1, 1, 1, 1)
(0, 1, 1, 0)
(0, 0, 1, 1)
(1, 0, 0, 1)
(1, 1, 0, 0)
(1, 1, 0, 1)
(1, 0, 0, 0)
(0, 0, 1, 0)
(0, 1, 1, 1)
build S2H2 (apply S2inv and subtract monomers)
Apply H
Digesting H ...
Setting up fragment-energy preconditioner ...
Initializing T ...
Baker-Campbell-Hausdorff module initialized.
Performing coupled-cluster iterations ...
  ==================================================================================
  Optimization using Newton's method.
  Convergence when step-vector relative norm is less than 1e-10.
  DIIS will be used to accelerate convergence.
    DIIS will be invoked at Cycle 1
    DIIS Max subspace dimension = 5
  ==================================================================================
  Optimization Cycle: 1
    Computing Newton step ...
      Computing gradient and inverse Hessian ...
        Evaluating BCH expansion for  exp(-T) H exp(T)  ...
        Projection:  E_CCSD = <0| [exp(-T) H exp(T)] |0>
        -------------------------
        E_CCSD = 0.0000000000000000e+00
        -------------------------
        Approximate inverse Hessian from perturbation theory  ~=  [1/(F-Eo)]
      Applying inverse Hessian to gradient ...
    DIIS extrapolation ...
  Relative step norm = 1.000e+00
  Cycle Cumulative Time = 0.0008502006530761719
  ==================================================================================
  Optimization Cycle: 2
    Computing Newton step ...
      Computing gradient and inverse Hessian ...
        Evaluating BCH expansion for  exp(-T) H exp(T)  ...
        Projection:  E_CCSD = <0| [exp(-T) H exp(T)] |0>
        -------------------------
        E_CCSD = -2.7400693731926768e-03
        -------------------------
        Approximate inverse Hessian from perturbation theory  ~=  [1/(F-Eo)]
      Applying inverse Hessian to gradient ...
    DIIS extrapolation ...
  Relative step norm = 2.545e-01
  Cycle Cumulative Time = 0.0016181468963623047
  ==================================================================================
  Optimization Cycle: 3
    Computing Newton step ...
      Computing gradient and inverse Hessian ...
        Evaluating BCH expansion for  exp(-T) H exp(T)  ...
        Projection:  E_CCSD = <0| [exp(-T) H exp(T)] |0>
        -------------------------
        E_CCSD = -3.0158838743947524e-03
        -------------------------
        Approximate inverse Hessian from perturbation theory  ~=  [1/(F-Eo)]
      Applying inverse Hessian to gradient ...
    DIIS extrapolation ...
  Relative step norm = 8.610e-02
  Cycle Cumulative Time = 0.002355337142944336
  ==================================================================================
  Optimization Cycle: 4
    Computing Newton step ...
      Computing gradient and inverse Hessian ...
        Evaluating BCH expansion for  exp(-T) H exp(T)  ...
        Projection:  E_CCSD = <0| [exp(-T) H exp(T)] |0>
        -------------------------
        E_CCSD = -3.2542302731456340e-03
        -------------------------
        Approximate inverse Hessian from perturbation theory  ~=  [1/(F-Eo)]
      Applying inverse Hessian to gradient ...
    DIIS extrapolation ...
  Relative step norm = 1.033e-02
  Cycle Cumulative Time = 0.0030829906463623047
  ==================================================================================
  Optimization Cycle: 5
    Computing Newton step ...
      Computing gradient and inverse Hessian ...
        Evaluating BCH expansion for  exp(-T) H exp(T)  ...
        Projection:  E_CCSD = <0| [exp(-T) H exp(T)] |0>
        -------------------------
        E_CCSD = -3.2595330085622874e-03
        -------------------------
        Approximate inverse Hessian from perturbation theory  ~=  [1/(F-Eo)]
      Applying inverse Hessian to gradient ...
    DIIS extrapolation ...
  Relative step norm = 1.745e-03
  Cycle Cumulative Time = 0.00394129753112793
  ==================================================================================
  Optimization Cycle: 6
    Computing Newton step ...
      Computing gradient and inverse Hessian ...
        Evaluating BCH expansion for  exp(-T) H exp(T)  ...
        Projection:  E_CCSD = <0| [exp(-T) H exp(T)] |0>
        -------------------------
        E_CCSD = -3.2629467154179168e-03
        -------------------------
        Approximate inverse Hessian from perturbation theory  ~=  [1/(F-Eo)]
      Applying inverse Hessian to gradient ...
    DIIS extrapolation ...
  Relative step norm = 1.150e-04
  Cycle Cumulative Time = 0.004679203033447266
  ==================================================================================
  Optimization Cycle: 7
    Computing Newton step ...
      Computing gradient and inverse Hessian ...
        Evaluating BCH expansion for  exp(-T) H exp(T)  ...
        Projection:  E_CCSD = <0| [exp(-T) H exp(T)] |0>
        -------------------------
        E_CCSD = -3.2630203455835151e-03
        -------------------------
        Approximate inverse Hessian from perturbation theory  ~=  [1/(F-Eo)]
      Applying inverse Hessian to gradient ...
    DIIS extrapolation ...
  Relative step norm = 1.916e-05
  Cycle Cumulative Time = 0.005417346954345703
  ==================================================================================
  Optimization Cycle: 8
    Computing Newton step ...
      Computing gradient and inverse Hessian ...
        Evaluating BCH expansion for  exp(-T) H exp(T)  ...
        Projection:  E_CCSD = <0| [exp(-T) H exp(T)] |0>
        -------------------------
        E_CCSD = -3.2630545617319475e-03
        -------------------------
        Approximate inverse Hessian from perturbation theory  ~=  [1/(F-Eo)]
      Applying inverse Hessian to gradient ...
    DIIS extrapolation ...
  Relative step norm = 4.055e-06
  Cycle Cumulative Time = 0.006156206130981445
  ==================================================================================
  Optimization Cycle: 9
    Computing Newton step ...
      Computing gradient and inverse Hessian ...
        Evaluating BCH expansion for  exp(-T) H exp(T)  ...
        Projection:  E_CCSD = <0| [exp(-T) H exp(T)] |0>
        -------------------------
        E_CCSD = -3.2630633689311951e-03
        -------------------------
        Approximate inverse Hessian from perturbation theory  ~=  [1/(F-Eo)]
      Applying inverse Hessian to gradient ...
    DIIS extrapolation ...
  Relative step norm = 1.556e-07
  Cycle Cumulative Time = 0.0068972110748291016
  ==================================================================================
  Optimization Cycle: 10
    Computing Newton step ...
      Computing gradient and inverse Hessian ...
        Evaluating BCH expansion for  exp(-T) H exp(T)  ...
        Projection:  E_CCSD = <0| [exp(-T) H exp(T)] |0>
        -------------------------
        E_CCSD = -3.2630634430761167e-03
        -------------------------
        Approximate inverse Hessian from perturbation theory  ~=  [1/(F-Eo)]
      Applying inverse Hessian to gradient ...
    DIIS extrapolation ...
  Relative step norm = 3.228e-08
  Cycle Cumulative Time = 0.0076751708984375
  ==================================================================================
  Optimization Cycle: 11
    Computing Newton step ...
      Computing gradient and inverse Hessian ...
        Evaluating BCH expansion for  exp(-T) H exp(T)  ...
        Projection:  E_CCSD = <0| [exp(-T) H exp(T)] |0>
        -------------------------
        E_CCSD = -3.2630635448448321e-03
        -------------------------
        Approximate inverse Hessian from perturbation theory  ~=  [1/(F-Eo)]
      Applying inverse Hessian to gradient ...
    DIIS extrapolation ...
  Relative step norm = 4.250e-09
  Cycle Cumulative Time = 0.0084381103515625
  ==================================================================================
  Optimization Cycle: 12
    Computing Newton step ...
      Computing gradient and inverse Hessian ...
        Evaluating BCH expansion for  exp(-T) H exp(T)  ...
        Projection:  E_CCSD = <0| [exp(-T) H exp(T)] |0>
        -------------------------
        E_CCSD = -3.2630635559568258e-03
        -------------------------
        Approximate inverse Hessian from perturbation theory  ~=  [1/(F-Eo)]
      Applying inverse Hessian to gradient ...
    DIIS extrapolation ...
  Relative step norm = 3.969e-10
  Cycle Cumulative Time = 0.009171247482299805
  ==================================================================================
  Optimization Cycle: 13
    Computing Newton step ...
      Computing gradient and inverse Hessian ...
        Evaluating BCH expansion for  exp(-T) H exp(T)  ...
        Projection:  E_CCSD = <0| [exp(-T) H exp(T)] |0>
        -------------------------
        E_CCSD = -3.2630635563003427e-03
        -------------------------
        Approximate inverse Hessian from perturbation theory  ~=  [1/(F-Eo)]
      Applying inverse Hessian to gradient ...
    DIIS extrapolation ...
  Relative step norm = 1.810e-11
  Cycle Cumulative Time = 0.009907245635986328
  ==================================================================================
  Optimization Converged! (13 cycles)
  ==================================================================================
  Computing function value at final point ...
    Evaluating BCH expansion for  exp(-T) H exp(T)  ...
    Projection:  E_CCSD = <0| [exp(-T) H exp(T)] |0>
    -------------------------
    E_CCSD = -3.2630635562790047e-03
    -------------------------
  Cycle Cumulative Time = 0.010345220565795898
  Final function value = -0.0032630635562790047
  ==================================================================================
CCSD Time 0.010425090789794922
CCSD Energy = -31.107324624607852 Hartree

Total Excitonic CCSD Energy (test) =  -29.225805660732295
GLOBAL
  Total time:   2.93
  apply                            2.12%    0.06 s      1 calls
  setup                           11.42%    0.33 s      1 calls
  build                           86.46%    2.53 s      1 calls
  100.00% accounted for
MATRIX
  Total time:   2.93
  block evaluation                84.98%    2.49 s    686 calls
  84.98% accounted for
INTEGRALS
  Total time:   2.93
  1e integrals SVD                 0.03%    0.00 s     26 calls
  2e integrals SVD                10.03%    0.29 s     25 calls
  10.07% accounted for
DIAGRAMS
  Total time:   2.93
  identity                         0.00%    0.00 s      1 calls
  s01u101                          0.14%    0.00 s      2 calls
  s01u001                          0.14%    0.00 s      2 calls
  s01t01                           0.28%    0.01 s      2 calls
  s01u100                          0.76%    0.02 s      8 calls
  s01u111                          0.77%    0.02 s      8 calls
  s01u011                          0.77%    0.02 s      8 calls
  s01u000                          0.78%    0.02 s      8 calls
  s01v0010                         1.11%    0.03 s      2 calls
  s01t11                           1.23%    0.04 s      8 calls
  u000                             1.24%    0.04 s      6 calls
  s01t00                           1.25%    0.04 s      8 calls
  u100                             1.28%    0.04 s     18 calls
  t00                              1.30%    0.04 s      6 calls
  u001                             1.47%    0.04 s      8 calls
  t01                              1.47%    0.04 s      8 calls
  u101                             1.47%    0.04 s      8 calls
  s01u010                          1.48%    0.04 s     18 calls
  s01v0111                         1.50%    0.04 s      2 calls
  s01                              1.50%    0.04 s      8 calls
  v0011                            2.19%    0.06 s      2 calls
  s01u110                          2.24%    0.07 s     18 calls
  s01v1111                         2.60%    0.08 s      8 calls
  s01v0000                         2.84%    0.08 s      8 calls
  s01t10                           2.85%    0.08 s     18 calls
  s01v0100                         3.34%    0.10 s     18 calls
  v0100                            4.15%    0.12 s      8 calls
  v0110                            4.44%    0.13 s      9 calls
  v0010                            4.46%    0.13 s      8 calls
  s01v1110                         6.77%    0.20 s     18 calls
  s01v1100                         7.29%    0.21 s      8 calls
  v0000                            9.40%    0.28 s     12 calls
  s01v0110                        11.96%    0.35 s      8 calls
  84.49% accounted for
PRECONTRACTIONS
  Total time:   2.93
  aa#Xq_T#q                        0.13%    0.00 s      2 calls
  cc#Xt_St#                        0.14%    0.00 s      2 calls
  aa#uX_S#u                        0.15%    0.00 s      2 calls
  aa#sr_V##rs                      0.21%    0.01 s      2 calls
  aa#Xq_U##q                       0.26%    0.01 s      4 calls
  c#t_St#                          0.45%    0.01 s      4 calls
  a#q_T#q                          0.45%    0.01 s      4 calls
  a#u_S#u                          0.45%    0.01 s      4 calls
  a#q_S#q                          0.46%    0.01 s      4 calls
  caa#pXq_Tpq                      0.76%    0.02 s      4 calls
  cca#pXq_Tpq                      0.77%    0.02 s      4 calls
  caaa#qXsr_V#qrs                  0.84%    0.02 s      2 calls
  a#q_U##q                         0.89%    0.03 s      8 calls
  ccca#pqXs_Vpq#s                  0.94%    0.03 s      2 calls
  ca#ps_Vp##s                      1.19%    0.03 s      3 calls
  ca#pq_Tpq                        1.29%    0.04 s      6 calls
  ca#Xu_S#u                        1.35%    0.04 s      6 calls
  ca#Xq_T#q                        1.37%    0.04 s      6 calls
  caa#psr_Vp#rs                    1.40%    0.04 s      4 calls
  caa#pXq_U#pq                     1.48%    0.04 s      8 calls
  cca#pXq_U#pq                     1.49%    0.04 s      8 calls
  cca#pqs_Vpq#s                    1.72%    0.05 s      4 calls
  ca#tX_St#                        2.19%    0.06 s      6 calls
  ca#pq_U#pq                       2.50%    0.07 s     12 calls
  ccaaa#pqXsr_Vpqrs                2.57%    0.08 s      4 calls
  cccaa#pqXsr_Vpqrs                2.81%    0.08 s      4 calls
  cca#XXu_S#u                      3.09%    0.09 s      4 calls
  ccaa#pXsr_Vp#rs                  3.22%    0.09 s      6 calls
  ca#Xq_U##q                       3.50%    0.10 s     12 calls
  caa#Xsr_V##rs                    3.63%    0.11 s      4 calls
  ccaa#pqXr_Vpqr#                  3.84%    0.11 s      6 calls
  cca#pXs_Vp##s                    4.74%    0.14 s      4 calls
  caa#XuX_S#u                      6.39%    0.19 s      4 calls
  ccaa#pqsr_Vpqrs                  7.12%    0.21 s     12 calls
  63.80% accounted for
TENSORNET COMPONENTS
  Total time:   2.93
  heuristic                        1.79%    0.05 s  41030 calls
  contract                         2.66%    0.08 s  14832 calls
  tensor_network._evaluate         5.23%    0.15 s  108306 calls
  backend.contract                46.63%    1.36 s  41030 calls
  56.30% accounted for
TENSORLY BACKEND
  Total time:   2.93
  admin                            3.58%    0.10 s  41030 calls
  einsum                          41.01%    1.20 s  41030 calls
  44.59% accounted for
