load states ...
get_ints ...
Integrals call #: 1
elapsed time (call to integrals 1) = 0.007700124988332391
elapsed time (after integrals loops) = 0.0077263329876586795
Integrals call #: 2
elapsed time (brabraketket function) = 0.000953042006585747
elapsed time (call to integrals 2) = 0.006939582992345095
Integrals call #: 3
elapsed time (call to integrals 3) = 0.004534542036708444
Integrals call #: 4
elapsed time (call to integrals 4) = 0.004405332962051034
elapsed time (after integrals loops) = 0.008982375031337142
Integrals call #: 5
elapsed time (brabraketket function) = 0.014533584006130695
elapsed time (call to integrals 5) = 0.034151542000472546
Integrals call #: 6
elapsed time (call to integrals 6) = 0.0044694169773720205
elapsed time (after integrals loops) = 0.0044849999831058085
Integrals call #: 7
elapsed time (brabraketket function) = 0.0009597500320523977
elapsed time (call to integrals 7) = 0.006440791010390967
done
build H1
(0, 0, 0, 0)
(1, 1, 1, 1)
build S2inv
build S2H2 (1e)
build S2H2 (2e)
(0, 1, 1, 0)
(0, 0, 1, 0)
(1, 0, 1, 1)
(1, 1, 0, 1)
(0, 1, 0, 0)
(1, 1, 0, 0)
(0, 0, 1, 1)
(1, 1, 1, 0)
(0, 0, 0, 1)
(0, 1, 0, 0)
(1, 0, 1, 1)
(0, 0, 0, 0)
(1, 1, 1, 1)
(0, 1, 1, 0)
(0, 0, 1, 1)
(1, 0, 0, 1)
(1, 1, 0, 0)
(1, 1, 0, 1)
(1, 0, 0, 0)
(0, 0, 1, 0)
(0, 1, 1, 1)
(1, 1, 0, 0)
(0, 0, 1, 1)
(0, 0, 0, 0)
(1, 1, 1, 1)
(0, 1, 1, 0)
(0, 1, 0, 0)
(1, 1, 1, 0)
(0, 0, 1, 0)
(1, 0, 1, 1)
(0, 0, 0, 1)
(1, 1, 0, 1)
(1, 0, 0, 1)
build S2H2 (apply S2inv and subtract monomers)
Apply H
Digesting H ...
Setting up fragment-energy preconditioner ...
Initializing T ...
Baker-Campbell-Hausdorff module initialized.
Performing coupled-cluster iterations ...
  ==================================================================================
  Optimization using Newton's method.
  Convergence when step-vector relative norm is less than 1e-10.
  DIIS will be used to accelerate convergence.
    DIIS will be invoked at Cycle 1
    DIIS Max subspace dimension = 5
  ==================================================================================
  Optimization Cycle: 1
    Computing Newton step ...
      Computing gradient and inverse Hessian ...
        Evaluating BCH expansion for  exp(-T) H exp(T)  ...
        Projection:  E_CCSD = <0| [exp(-T) H exp(T)] |0>
        -------------------------
        E_CCSD = 0.0000000000000000e+00
        -------------------------
        Approximate inverse Hessian from perturbation theory  ~=  [1/(F-Eo)]
      Applying inverse Hessian to gradient ...
    DIIS extrapolation ...
  Relative step norm = 1.000e+00
  Cycle Cumulative Time = 0.000804901123046875
  ==================================================================================
  Optimization Cycle: 2
    Computing Newton step ...
      Computing gradient and inverse Hessian ...
        Evaluating BCH expansion for  exp(-T) H exp(T)  ...
        Projection:  E_CCSD = <0| [exp(-T) H exp(T)] |0>
        -------------------------
        E_CCSD = -1.8194407280378603e-03
        -------------------------
        Approximate inverse Hessian from perturbation theory  ~=  [1/(F-Eo)]
      Applying inverse Hessian to gradient ...
    DIIS extrapolation ...
  Relative step norm = 2.972e-01
  Cycle Cumulative Time = 0.0015597343444824219
  ==================================================================================
  Optimization Cycle: 3
    Computing Newton step ...
      Computing gradient and inverse Hessian ...
        Evaluating BCH expansion for  exp(-T) H exp(T)  ...
        Projection:  E_CCSD = <0| [exp(-T) H exp(T)] |0>
        -------------------------
        E_CCSD = -2.2229687859396706e-03
        -------------------------
        Approximate inverse Hessian from perturbation theory  ~=  [1/(F-Eo)]
      Applying inverse Hessian to gradient ...
    DIIS extrapolation ...
  Relative step norm = 2.260e-01
  Cycle Cumulative Time = 0.002241849899291992
  ==================================================================================
  Optimization Cycle: 4
    Computing Newton step ...
      Computing gradient and inverse Hessian ...
        Evaluating BCH expansion for  exp(-T) H exp(T)  ...
        Projection:  E_CCSD = <0| [exp(-T) H exp(T)] |0>
        -------------------------
        E_CCSD = -2.7808179887340166e-03
        -------------------------
        Approximate inverse Hessian from perturbation theory  ~=  [1/(F-Eo)]
      Applying inverse Hessian to gradient ...
    DIIS extrapolation ...
  Relative step norm = 1.997e-01
  Cycle Cumulative Time = 0.0029556751251220703
  ==================================================================================
  Optimization Cycle: 5
    Computing Newton step ...
      Computing gradient and inverse Hessian ...
        Evaluating BCH expansion for  exp(-T) H exp(T)  ...
        Projection:  E_CCSD = <0| [exp(-T) H exp(T)] |0>
        -------------------------
        E_CCSD = -3.3440372593630347e-03
        -------------------------
        Approximate inverse Hessian from perturbation theory  ~=  [1/(F-Eo)]
      Applying inverse Hessian to gradient ...
    DIIS extrapolation ...
  Relative step norm = 5.380e-02
  Cycle Cumulative Time = 0.003683805465698242
  ==================================================================================
  Optimization Cycle: 6
    Computing Newton step ...
      Computing gradient and inverse Hessian ...
        Evaluating BCH expansion for  exp(-T) H exp(T)  ...
        Projection:  E_CCSD = <0| [exp(-T) H exp(T)] |0>
        -------------------------
        E_CCSD = -3.5026804673277661e-03
        -------------------------
        Approximate inverse Hessian from perturbation theory  ~=  [1/(F-Eo)]
      Applying inverse Hessian to gradient ...
    DIIS extrapolation ...
  Relative step norm = 4.201e-03
  Cycle Cumulative Time = 0.004415988922119141
  ==================================================================================
  Optimization Cycle: 7
    Computing Newton step ...
      Computing gradient and inverse Hessian ...
        Evaluating BCH expansion for  exp(-T) H exp(T)  ...
        Projection:  E_CCSD = <0| [exp(-T) H exp(T)] |0>
        -------------------------
        E_CCSD = -3.5034755239245893e-03
        -------------------------
        Approximate inverse Hessian from perturbation theory  ~=  [1/(F-Eo)]
      Applying inverse Hessian to gradient ...
    DIIS extrapolation ...
  Relative step norm = 5.627e-04
  Cycle Cumulative Time = 0.005138874053955078
  ==================================================================================
  Optimization Cycle: 8
    Computing Newton step ...
      Computing gradient and inverse Hessian ...
        Evaluating BCH expansion for  exp(-T) H exp(T)  ...
        Projection:  E_CCSD = <0| [exp(-T) H exp(T)] |0>
        -------------------------
        E_CCSD = -3.5044620757427496e-03
        -------------------------
        Approximate inverse Hessian from perturbation theory  ~=  [1/(F-Eo)]
      Applying inverse Hessian to gradient ...
    DIIS extrapolation ...
  Relative step norm = 5.235e-05
  Cycle Cumulative Time = 0.005860805511474609
  ==================================================================================
  Optimization Cycle: 9
    Computing Newton step ...
      Computing gradient and inverse Hessian ...
        Evaluating BCH expansion for  exp(-T) H exp(T)  ...
        Projection:  E_CCSD = <0| [exp(-T) H exp(T)] |0>
        -------------------------
        E_CCSD = -3.5042876388211453e-03
        -------------------------
        Approximate inverse Hessian from perturbation theory  ~=  [1/(F-Eo)]
      Applying inverse Hessian to gradient ...
    DIIS extrapolation ...
  Relative step norm = 1.268e-05
  Cycle Cumulative Time = 0.006583690643310547
  ==================================================================================
  Optimization Cycle: 10
    Computing Newton step ...
      Computing gradient and inverse Hessian ...
        Evaluating BCH expansion for  exp(-T) H exp(T)  ...
        Projection:  E_CCSD = <0| [exp(-T) H exp(T)] |0>
        -------------------------
        E_CCSD = -3.5042337546644549e-03
        -------------------------
        Approximate inverse Hessian from perturbation theory  ~=  [1/(F-Eo)]
      Applying inverse Hessian to gradient ...
    DIIS extrapolation ...
  Relative step norm = 1.980e-06
  Cycle Cumulative Time = 0.007317781448364258
  ==================================================================================
  Optimization Cycle: 11
    Computing Newton step ...
      Computing gradient and inverse Hessian ...
        Evaluating BCH expansion for  exp(-T) H exp(T)  ...
        Projection:  E_CCSD = <0| [exp(-T) H exp(T)] |0>
        -------------------------
        E_CCSD = -3.5042395552492426e-03
        -------------------------
        Approximate inverse Hessian from perturbation theory  ~=  [1/(F-Eo)]
      Applying inverse Hessian to gradient ...
    DIIS extrapolation ...
  Relative step norm = 7.086e-07
  Cycle Cumulative Time = 0.008034706115722656
  ==================================================================================
  Optimization Cycle: 12
    Computing Newton step ...
      Computing gradient and inverse Hessian ...
        Evaluating BCH expansion for  exp(-T) H exp(T)  ...
        Projection:  E_CCSD = <0| [exp(-T) H exp(T)] |0>
        -------------------------
        E_CCSD = -3.5042417531800834e-03
        -------------------------
        Approximate inverse Hessian from perturbation theory  ~=  [1/(F-Eo)]
      Applying inverse Hessian to gradient ...
    DIIS extrapolation ...
  Relative step norm = 1.813e-07
  Cycle Cumulative Time = 0.008751869201660156
  ==================================================================================
  Optimization Cycle: 13
    Computing Newton step ...
      Computing gradient and inverse Hessian ...
        Evaluating BCH expansion for  exp(-T) H exp(T)  ...
        Projection:  E_CCSD = <0| [exp(-T) H exp(T)] |0>
        -------------------------
        E_CCSD = -3.5042423239570498e-03
        -------------------------
        Approximate inverse Hessian from perturbation theory  ~=  [1/(F-Eo)]
      Applying inverse Hessian to gradient ...
    DIIS extrapolation ...
  Relative step norm = 6.156e-09
  Cycle Cumulative Time = 0.009559869766235352
  ==================================================================================
  Optimization Cycle: 14
    Computing Newton step ...
      Computing gradient and inverse Hessian ...
        Evaluating BCH expansion for  exp(-T) H exp(T)  ...
        Projection:  E_CCSD = <0| [exp(-T) H exp(T)] |0>
        -------------------------
        E_CCSD = -3.5042423220618124e-03
        -------------------------
        Approximate inverse Hessian from perturbation theory  ~=  [1/(F-Eo)]
      Applying inverse Hessian to gradient ...
    DIIS extrapolation ...
  Relative step norm = 1.221e-09
  Cycle Cumulative Time = 0.010302066802978516
  ==================================================================================
  Optimization Cycle: 15
    Computing Newton step ...
      Computing gradient and inverse Hessian ...
        Evaluating BCH expansion for  exp(-T) H exp(T)  ...
        Projection:  E_CCSD = <0| [exp(-T) H exp(T)] |0>
        -------------------------
        E_CCSD = -3.5042423250533456e-03
        -------------------------
        Approximate inverse Hessian from perturbation theory  ~=  [1/(F-Eo)]
      Applying inverse Hessian to gradient ...
    DIIS extrapolation ...
  Relative step norm = 7.279e-11
  Cycle Cumulative Time = 0.011018037796020508
  ==================================================================================
  Optimization Converged! (15 cycles)
  ==================================================================================
  Computing function value at final point ...
    Evaluating BCH expansion for  exp(-T) H exp(T)  ...
    Projection:  E_CCSD = <0| [exp(-T) H exp(T)] |0>
    -------------------------
    E_CCSD = -3.5042423248119224e-03
    -------------------------
  Cycle Cumulative Time = 0.011445045471191406
  Final function value = -0.0035042423248119224
  ==================================================================================
CCSD Time 0.011525154113769531
CCSD Energy = -31.10755255926546 Hartree

Total Excitonic CCSD Energy (test) =  -29.226033595389904
GLOBAL
  Total time:  32.29
  apply                            0.19%    0.06 s      1 calls
  setup                            1.04%    0.33 s      1 calls
  build                           98.77%   31.90 s      1 calls
  100.00% accounted for
MATRIX
  Total time:  32.29
  block evaluation                98.63%   31.85 s   1180 calls
  98.63% accounted for
INTEGRALS
  Total time:  32.29
  1e integrals SVD                 0.00%    0.00 s     26 calls
  2e integrals SVD                 1.35%    0.44 s     35 calls
   1.35% accounted for
DIAGRAMS
  Total time:  32.29
  identity                         0.00%    0.00 s      1 calls
  s01u101                          0.01%    0.00 s      2 calls
  s01u001                          0.01%    0.00 s      2 calls
  s01s01u100                       0.02%    0.01 s      2 calls
  s01s01u111                       0.02%    0.01 s      2 calls
  s01s01u011                       0.02%    0.01 s      2 calls
  s01s01u000                       0.02%    0.01 s      2 calls
  s01t01                           0.03%    0.01 s      2 calls
  s01s01                           0.03%    0.01 s      2 calls
  s01s01t11                        0.03%    0.01 s      2 calls
  s01s01t00                        0.03%    0.01 s      2 calls
  s01u100                          0.07%    0.02 s      8 calls
  s01u111                          0.07%    0.02 s      8 calls
  s01u011                          0.07%    0.02 s      8 calls
  s01u000                          0.07%    0.02 s      8 calls
  v0011                            0.09%    0.03 s      2 calls
  s01t11                           0.11%    0.04 s      8 calls
  s01t00                           0.11%    0.04 s      8 calls
  u000                             0.11%    0.04 s      6 calls
  u100                             0.12%    0.04 s     18 calls
  t00                              0.12%    0.04 s      6 calls
  s01s10                           0.13%    0.04 s      9 calls
  s01u110                          0.13%    0.04 s     18 calls
  u101                             0.13%    0.04 s      8 calls
  u001                             0.14%    0.04 s      8 calls
  t01                              0.14%    0.04 s      8 calls
  s01                              0.14%    0.04 s      8 calls
  s01s10u000                       0.18%    0.06 s     18 calls
  s01s10u100                       0.18%    0.06 s     18 calls
  s01s10t00                        0.19%    0.06 s     18 calls
  s01u010                          0.20%    0.06 s     18 calls
  s01v0111                         0.23%    0.08 s      2 calls
  s01v0010                         0.24%    0.08 s      2 calls
  s01t10                           0.26%    0.08 s     18 calls
  s01v1111                         0.27%    0.09 s      8 calls
  v0010                            0.27%    0.09 s      8 calls
  s01s01u110                       0.30%    0.10 s      8 calls
  v0100                            0.31%    0.10 s      8 calls
  s01s01u010                       0.31%    0.10 s      8 calls
  v0110                            0.35%    0.11 s      9 calls
  s01v0000                         0.35%    0.11 s      8 calls
  s01s10u001                       0.36%    0.12 s      8 calls
  s01s10u101                       0.40%    0.13 s      8 calls
  v0000                            0.41%    0.13 s      6 calls
  s01v0100                         0.57%    0.18 s     18 calls
  s01v1110                         0.57%    0.19 s     18 calls
  s01s01v0100                      0.63%    0.20 s      8 calls
  s01s10t01                        0.70%    0.23 s      8 calls
  s01v1100                         0.79%    0.25 s      8 calls
  s01s01t10                        0.83%    0.27 s      8 calls
  s01v0110                         0.89%    0.29 s      8 calls
  s01s01v1110                      1.09%    0.35 s      8 calls
  s01s10v0010                      1.41%    0.45 s      8 calls
  s01s10v0100                      1.46%    0.47 s      8 calls
  s01s10v0011                      2.02%    0.65 s      2 calls
  s01s01v0110                      2.05%    0.66 s      2 calls
  s01s10v0000                      2.23%    0.72 s     18 calls
  s01s10v0110                     27.73%    8.95 s      9 calls
  s01s01v1100                     48.79%   15.75 s     18 calls
  98.55% accounted for
PRECONTRACTIONS
  Total time:  32.29
  aa#Xu_S#u                        0.01%    0.00 s      2 calls
  cc#Xt_St#                        0.01%    0.00 s      2 calls
  aa#Xq_S#q                        0.01%    0.00 s      2 calls
  aa#Xq_T#q                        0.01%    0.00 s      2 calls
  cc#Xr_Sr#                        0.01%    0.00 s      2 calls
  cc#Xv_Sv#                        0.01%    0.00 s      2 calls
  aa#uX_S#u                        0.01%    0.00 s      2 calls
  caaa#pXXq_Tpq                    0.02%    0.01 s      2 calls
  aa#sr_V##rs                      0.02%    0.01 s      2 calls
  ccca#pXXq_Tpq                    0.02%    0.01 s      2 calls
  aa#Xq_U##q                       0.02%    0.01 s      4 calls
  ccca#pXXq_U#pq                   0.04%    0.01 s      4 calls
  caaa#pXXq_U#pq                   0.04%    0.01 s      4 calls
  c#t_St#                          0.04%    0.01 s      4 calls
  a#u_S#u                          0.04%    0.01 s      4 calls
  a#q_T#q                          0.04%    0.01 s      4 calls
  a#q_S#q                          0.04%    0.01 s      4 calls
  ca#Xs_S#s                        0.06%    0.02 s      3 calls
  ca#Xq_S#q                        0.06%    0.02 s      3 calls
  cca#pXq_Tpq                      0.07%    0.02 s      4 calls
  caa#pXq_Tpq                      0.07%    0.02 s      4 calls
  ccca#pqXs_Vpq#s                  0.07%    0.02 s      2 calls
  caaa#qXsr_V#qrs                  0.08%    0.02 s      2 calls
  a#q_U##q                         0.08%    0.03 s      8 calls
  ca#ps_Vp##s                      0.11%    0.03 s      3 calls
  ca#pq_Tpq                        0.12%    0.04 s      6 calls
  ca#Xq_T#q                        0.12%    0.04 s      6 calls
  ca#Xu_S#u                        0.12%    0.04 s      6 calls
  ca#tX_St#                        0.12%    0.04 s      6 calls
  cca#pqs_Vpq#s                    0.13%    0.04 s      4 calls
  caa#pXq_U#pq                     0.14%    0.04 s      8 calls
  cca#pXq_U#pq                     0.14%    0.04 s      8 calls
  caa#psr_Vp#rs                    0.16%    0.05 s      4 calls
  ccaa#pXXq_Tpq                    0.18%    0.06 s      6 calls
  ccaaa#pqXsr_Vpqrs                0.19%    0.06 s      4 calls
  ca#pq_U#pq                       0.23%    0.07 s     12 calls
  cca#XXw_S#w                      0.25%    0.08 s      4 calls
  cca#XXu_S#u                      0.25%    0.08 s      4 calls
  cca#XXq_T#q                      0.25%    0.08 s      4 calls
  cccaa#pqXsr_Vpqrs                0.27%    0.09 s      4 calls
  ccaa#pqXr_Vpqr#                  0.28%    0.09 s      6 calls
  ca#Xq_U##q                       0.31%    0.10 s     12 calls
  caa#XuX_S#u                      0.32%    0.10 s      4 calls
  ccaa#pXXq_U#pq                   0.34%    0.11 s     12 calls
  caa#Xsr_V##rs                    0.34%    0.11 s      4 calls
  ccaa#pqsr_Vpqrs                  0.36%    0.11 s      6 calls
  cca#pXs_Vp##s                    0.37%    0.12 s      4 calls
  ccaa#pXsr_Vp#rs                  0.39%    0.13 s      6 calls
  caa#XXq_T#q                      0.40%    0.13 s      4 calls
  ccaaa#pqXXr_Vpqr#                0.47%    0.15 s      4 calls
  cca#XXq_U##q                     0.50%    0.16 s      8 calls
  caa#XXu_S#u                      0.52%    0.17 s      4 calls
  cccaa#pXXsr_Vp#rs                0.56%    0.18 s      4 calls
  cca#XvX_Sv#                      0.56%    0.18 s      4 calls
  caa#XXq_U##q                     0.66%    0.21 s      8 calls
  ccca#XXXw_S#w                    0.71%    0.23 s      2 calls
  caaa#XXuX_S#u                    0.75%    0.24 s      2 calls
  ccca#pXXs_Vp##s                  0.80%    0.26 s      2 calls
  caaa#XXsr_V##rs                  0.80%    0.26 s      2 calls
  cccaa#pqXXs_Vpq#s                1.33%    0.43 s      4 calls
  ccaaa#pXXsr_Vp#rs                1.39%    0.45 s      4 calls
  cccaaa#pqXXsr_Vpqrs              2.22%    0.72 s      6 calls
  ccaa#XXuX_S#u                    7.60%    2.45 s      3 calls
  ccaa#pXXs_Vp##s                 11.22%    3.62 s      3 calls
  ccaa#XXXu_S#u                   15.38%    4.97 s      6 calls
  ccaa#XXsr_V##rs                 15.66%    5.06 s      6 calls
  67.90% accounted for
TENSORNET COMPONENTS
  Total time:  32.29
  heuristic                        0.26%    0.08 s  62405 calls
  contract                         0.39%    0.13 s  22180 calls
  tensor_network._evaluate         0.78%    0.25 s  165083 calls
  backend.contract                71.83%   23.19 s  62405 calls
  73.26% accounted for
TENSORLY BACKEND
  Total time:  32.29
  admin                            0.42%    0.14 s  62405 calls
  einsum                          71.09%   22.96 s  62405 calls
  71.51% accounted for
