load states ...
get_ints ...
Integrals call #: 1
elapsed time (call to integrals 1) = 0.008036833023652434
elapsed time (after integrals loops) = 0.008067874994594604
Integrals call #: 2
elapsed time (brabraketket function) = 0.0009031249792315066
elapsed time (call to integrals 2) = 0.006935291981790215
Integrals call #: 3
elapsed time (call to integrals 3) = 0.004511750012170523
Integrals call #: 4
elapsed time (call to integrals 4) = 0.004363459011074156
elapsed time (after integrals loops) = 0.008917792001739144
Integrals call #: 5
elapsed time (brabraketket function) = 0.014065875031519681
elapsed time (call to integrals 5) = 0.03366808302234858
Integrals call #: 6
elapsed time (call to integrals 6) = 0.004436791001353413
elapsed time (after integrals loops) = 0.004452458000741899
Integrals call #: 7
elapsed time (brabraketket function) = 0.0009333749767392874
elapsed time (call to integrals 7) = 0.006567541975528002
done
build H1
(0, 0, 0, 0)
(1, 1, 1, 1)
build H2 (0e)
Apply H
Digesting H ...
Setting up fragment-energy preconditioner ...
Initializing T ...
Baker-Campbell-Hausdorff module initialized.
Performing coupled-cluster iterations ...
  ==================================================================================
  Optimization using Newton's method.
  Convergence when step-vector relative norm is less than 1e-10.
  DIIS will be used to accelerate convergence.
    DIIS will be invoked at Cycle 1
    DIIS Max subspace dimension = 5
  ==================================================================================
  Optimization Cycle: 1
    Computing Newton step ...
      Computing gradient and inverse Hessian ...
        Evaluating BCH expansion for  exp(-T) H exp(T)  ...
        Projection:  E_CCSD = <0| [exp(-T) H exp(T)] |0>
        -------------------------
        E_CCSD = 0.0000000000000000e+00
        -------------------------
        Approximate inverse Hessian from perturbation theory  ~=  [1/(F-Eo)]
      Applying inverse Hessian to gradient ...
    DIIS extrapolation ...
  Relative step norm = 1.000e+00
  Cycle Cumulative Time = 0.0007419586181640625
  ==================================================================================
  Optimization Cycle: 2
    Computing Newton step ...
      Computing gradient and inverse Hessian ...
        Evaluating BCH expansion for  exp(-T) H exp(T)  ...
        Projection:  E_CCSD = <0| [exp(-T) H exp(T)] |0>
        -------------------------
        E_CCSD = -8.3026059224438118e-07
        -------------------------
        Approximate inverse Hessian from perturbation theory  ~=  [1/(F-Eo)]
      Applying inverse Hessian to gradient ...
    DIIS extrapolation ...
  Relative step norm = 1.932e-06
  Cycle Cumulative Time = 0.0014128684997558594
  ==================================================================================
  Optimization Cycle: 3
    Computing Newton step ...
      Computing gradient and inverse Hessian ...
        Evaluating BCH expansion for  exp(-T) H exp(T)  ...
        Projection:  E_CCSD = <0| [exp(-T) H exp(T)] |0>
        -------------------------
        E_CCSD = -8.3025955071939464e-07
        -------------------------
        Approximate inverse Hessian from perturbation theory  ~=  [1/(F-Eo)]
      Applying inverse Hessian to gradient ...
    DIIS extrapolation ...
  Relative step norm = 3.111e-11
  Cycle Cumulative Time = 0.0020759105682373047
  ==================================================================================
  Optimization Converged! (3 cycles)
  ==================================================================================
  Computing function value at final point ...
    Evaluating BCH expansion for  exp(-T) H exp(T)  ...
    Projection:  E_CCSD = <0| [exp(-T) H exp(T)] |0>
    -------------------------
    E_CCSD = -8.3025955072250686e-07
    -------------------------
  Cycle Cumulative Time = 0.002508878707885742
  Final function value = -8.302595507225069e-07
  ==================================================================================
CCSD Time 0.002579212188720703
CCSD Energy = -29.22547403605795 Hartree

Total Excitonic CCSD Energy (test) =  -27.343955072182393
GLOBAL
  Total time:   0.63
  apply                            8.34%    0.05 s      1 calls
  build                           33.06%    0.21 s      1 calls
  setup                           58.60%    0.37 s      1 calls
  100.00% accounted for
MATRIX
  Total time:   0.63
  block evaluation                32.94%    0.21 s     18 calls
  32.94% accounted for
INTEGRALS
  Total time:   0.63
  1e integrals SVD                 0.02%    0.00 s      4 calls
  2e integrals SVD                 2.66%    0.02 s      2 calls
   2.68% accounted for
DIAGRAMS
  Total time:   0.63
  u000                             5.79%    0.04 s      6 calls
  t00                              6.06%    0.04 s      6 calls
  v0000                           21.03%    0.13 s      6 calls
  32.89% accounted for
PRECONTRACTIONS
  Total time:   0.63
  ca#pq_U#pq                       5.77%    0.04 s      6 calls
  ca#pq_Tpq                        6.03%    0.04 s      6 calls
  ccaa#pqsr_Vpqrs                 18.34%    0.12 s      6 calls
  30.15% accounted for
TENSORNET COMPONENTS
  Total time:   0.63
  contract                         0.96%    0.01 s   1206 calls
  heuristic                        1.06%    0.01 s   4760 calls
  tensor_network._evaluate         2.99%    0.02 s  13106 calls
  backend.contract                20.40%    0.13 s   4760 calls
  25.42% accounted for
TENSORLY BACKEND
  Total time:   0.63
  admin                            4.78%    0.03 s   4760 calls
  einsum                          14.57%    0.09 s   4760 calls
  19.35% accounted for
