(qode) [adutoi@tengri:Applications/frag-states]% ./driver.py params.in.py n_threads=4        
WARNING!!!!! This code has been HACKED!!! The bohr radius of the NIST has been changed for the value used in psi4
Fragment HF
  AO integrals initiated
  Hartree-Fock completed.  Total HF energy = -14.566764033509124
  AO integrals initiated
  Hartree-Fock completed.  Total HF energy = -14.566764033509124
Determine optimal states
  Fragment FCI
  MO integrals initialized
    Energy of guess = -14.566764033509614
      Entering lanczos.lowest_eigen with Bo=1, dim=10, num=1, block_action=None, autocomplete=False, and thresh=1e-08 (values).
        Entering lanczos._lowest_eigen with B=1, vals=[inf], dim=10, block_action=None, autocomplete=False, and thresh=1e-08 (values).
        Lanczos iteration 0:  Eigenvalues = [-14.612738068069758]
        errors = [inf]
        cycle time = 0.015273094177246094
        Lanczos iteration 1:  Eigenvalues = [-14.612738068068937]
        errors = [8.206768598029157e-13]
        cycle time = 0.013959884643554688
    Ground-state energy =  -14.612738068068937
    Energy of guess = -14.566764033509614
      Entering lanczos.lowest_eigen with Bo=1, dim=10, num=1, block_action=None, autocomplete=False, and thresh=1e-08 (values).
        Entering lanczos._lowest_eigen with B=1, vals=[inf], dim=10, block_action=None, autocomplete=False, and thresh=1e-08 (values).
        Lanczos iteration 0:  Eigenvalues = [-14.612738068069756]
        errors = [inf]
        cycle time = 0.01682901382446289
        Lanczos iteration 1:  Eigenvalues = [-14.612738068068932]
        errors = [8.242295734817162e-13]
        cycle time = 0.014181137084960938
    Ground-state energy =  -14.612738068068932
  FCI completed
[0, 1, 9, 10, 18, 19, 27, 29]
  -28.98755047999753
Entering lanczos.lowest_eigen with Bo=1, dim=10, num=1, block_action=None, autocomplete=False, and thresh=1e-08 (values).
  Entering lanczos._lowest_eigen with B=1, vals=[inf], dim=10, block_action=None, autocomplete=False, and thresh=1e-08 (values).
  Lanczos iteration 0:  Eigenvalues = [-31.001520597751995]
  errors = [inf]
  cycle time = 5.881173849105835
  Lanczos iteration 1:  Eigenvalues = [-31.002535768834367]
  errors = [0.001015171082372035]
  cycle time = 7.939462900161743
  Lanczos iteration 2:  Eigenvalues = [-31.111180298902017]
  errors = [0.10864453006765018]
  cycle time = 7.990952253341675
  Lanczos iteration 3:  Eigenvalues = [-31.107206691473944]
  errors = [0.003973607428072512]
  cycle time = 7.612852096557617
  Lanczos iteration 4:  Eigenvalues = [-31.107288785518325]
  errors = [8.209404438019874e-05]
  cycle time = 7.851348876953125
  Lanczos iteration 5:  Eigenvalues = [-31.10728872380859]
  errors = [6.170973421149029e-08]
  cycle time = 7.951479196548462
  Lanczos iteration 6:  Eigenvalues = [-31.10728872362201]
  errors = [1.865814169832447e-10]
  cycle time = 8.141136884689331
  Entering lanczos._lowest_eigen with B=1, vals=[inf], dim=10, block_action=None, autocomplete=False, and thresh=1e-08 (values).
  Lanczos iteration 0:  Eigenvalues = [-31.001520555475718]
  errors = [inf]
  cycle time = 7.176092863082886
  Lanczos iteration 1:  Eigenvalues = [-31.00249674015581]
  errors = [0.0009761846800913077]
  cycle time = 8.058403015136719
  Lanczos iteration 2:  Eigenvalues = [-31.002450147850446]
  errors = [4.6592305363191144e-05]
  cycle time = 8.247852087020874
  Lanczos iteration 3:  Eigenvalues = [-31.002482254876554]
  errors = [3.2107026108008085e-05]
  cycle time = 8.235312223434448
  Lanczos iteration 4:  Eigenvalues = [-31.002484411622515]
  errors = [2.15674596049098e-06]
  cycle time = 8.03496766090393
  Lanczos iteration 5:  Eigenvalues = [-31.002502966658536]
  errors = [1.8555036021439264e-05]
  cycle time = 7.832342147827148
  Lanczos iteration 6:  Eigenvalues = [-31.00250970679985]
  errors = [6.740141312633341e-06]
  cycle time = 8.055515050888062
  Lanczos iteration 7:  Eigenvalues = [-31.00252410995821]
  errors = [1.440315836021e-05]
  cycle time = 9.347748756408691
  Lanczos iteration 8:  Eigenvalues = [-31.002531669304126]
  errors = [7.559345917229621e-06]
  cycle time = 8.12878704071045
  Lanczos iteration 9:  Eigenvalues = [-31.002546202697324]
  errors = [1.453339319823499e-05]
  cycle time = 8.270297050476074
  Lanczos iteration 10:  Eigenvalues = [-31.002554716002464]
  errors = [8.513305139956628e-06]
  cycle time = 9.263445138931274
  Lanczos iteration 11:  Eigenvalues = [-31.00256908268552]
  errors = [1.4366683053879115e-05]
  cycle time = 7.91509485244751
  Lanczos iteration 12:  Eigenvalues = [-31.0025775775442]
  errors = [8.494858683150142e-06]
  cycle time = 8.129756927490234
  Lanczos iteration 13:  Eigenvalues = [-31.002593039416684]
  errors = [1.546187248280262e-05]
  cycle time = 8.234304189682007
  Lanczos iteration 14:  Eigenvalues = [-31.00260316034555]
  errors = [1.012092886654159e-05]
  cycle time = 7.884211778640747
  Lanczos iteration 15:  Eigenvalues = [-31.002619617083308]
  errors = [1.6456737757408746e-05]
  cycle time = 8.177095174789429
  Lanczos iteration 16:  Eigenvalues = [-31.00263076504663]
  errors = [1.114796332046808e-05]
  cycle time = 7.859064817428589
  Lanczos iteration 17:  Eigenvalues = [-31.00264988518197]
  errors = [1.91201353416659e-05]
  cycle time = 7.925652027130127
  Lanczos iteration 18:  Eigenvalues = [-31.00266551125816]
  errors = [1.5626076191210814e-05]
  cycle time = 8.93711519241333
  Lanczos iteration 19:  Eigenvalues = [-31.00268985192428]
  errors = [2.4340666119115895e-05]
  cycle time = 7.946906089782715
  Lanczos iteration 20:  Eigenvalues = [-31.00270989318655]
  errors = [2.0041262271064397e-05]
  cycle time = 8.211689949035645
  Lanczos iteration 21:  Eigenvalues = [-31.00274330685622]
  errors = [3.341366966935766e-05]
  cycle time = 7.76687479019165
  Lanczos iteration 22:  Eigenvalues = [-31.002769960703308]
  errors = [2.6653847086777205e-05]
  cycle time = 7.939631223678589
  Lanczos iteration 23:  Eigenvalues = [-31.00281213820577]
  errors = [4.217750246127139e-05]
  cycle time = 8.23638391494751
  Lanczos iteration 24:  Eigenvalues = [-31.00284093742554]
  errors = [2.8799219769837237e-05]
  cycle time = 7.990770101547241
  Lanczos iteration 25:  Eigenvalues = [-31.002889301126714]
  errors = [4.836370117544675e-05]
  cycle time = 8.099650859832764
  Lanczos iteration 26:  Eigenvalues = [-31.00291286499973]
  errors = [2.356387301460927e-05]
  cycle time = 8.076695919036865
  Lanczos iteration 27:  Eigenvalues = [-31.002957455117176]
  errors = [4.459011744728514e-05]
  cycle time = 7.979088068008423
  Lanczos iteration 28:  Eigenvalues = [-31.002972319082282]
  errors = [1.4863965105860188e-05]
  cycle time = 8.353564977645874
  Lanczos iteration 29:  Eigenvalues = [-31.003006594621795]
  errors = [3.427553951240725e-05]
  cycle time = 7.8290770053863525
  Lanczos iteration 30:  Eigenvalues = [-31.003024765264254]
  errors = [1.8170642459125474e-05]
  cycle time = 7.963855028152466
  Lanczos iteration 31:  Eigenvalues = [-31.00305097342898]
  errors = [2.620816472642673e-05]
  cycle time = 9.825773239135742
  Lanczos iteration 32:  Eigenvalues = [-31.00306080914501]
  errors = [9.835716028305796e-06]
  cycle time = 10.918522834777832
  Lanczos iteration 33:  Eigenvalues = [-31.003084210033034]
  errors = [2.340088802554874e-05]
  cycle time = 9.064878940582275
  Lanczos iteration 34:  Eigenvalues = [-31.003103160456995]
  errors = [1.8950423960717444e-05]
  cycle time = 8.095360040664673
  Lanczos iteration 35:  Eigenvalues = [-31.003125600141473]
  errors = [2.2439684478570143e-05]
  cycle time = 8.283209085464478
  Lanczos iteration 36:  Eigenvalues = [-31.003151526789143]
  errors = [2.5926647669649583e-05]
  cycle time = 8.760556936264038
  Lanczos iteration 37:  Eigenvalues = [-31.003183645352117]
  errors = [3.211856297369309e-05]
  cycle time = 8.237287998199463
  Lanczos iteration 38:  Eigenvalues = [-31.003224507008547]
  errors = [4.0861656430024595e-05]
  cycle time = 7.727182149887085
  Lanczos iteration 39:  Eigenvalues = [-31.003319529315306]
  errors = [9.502230675906276e-05]
  cycle time = 8.03010082244873
  Lanczos iteration 40:  Eigenvalues = [-31.003410654201396]
  errors = [9.11248860901992e-05]
  cycle time = 8.196950197219849
  Lanczos iteration 41:  Eigenvalues = [-31.003908818813574]
  errors = [0.0004981646121784422]
  cycle time = 7.899842739105225
  Lanczos iteration 42:  Eigenvalues = [-31.00343914233332]
  errors = [0.00046967648025386666]
  cycle time = 7.9174299240112305
  Lanczos iteration 43:  Eigenvalues = [-31.003483545671696]
  errors = [4.440333837507637e-05]
  cycle time = 8.054065227508545
  Lanczos iteration 44:  Eigenvalues = [-31.003511428217895]
  errors = [2.788254619900954e-05]
  cycle time = 10.0409517288208
  Lanczos iteration 45:  Eigenvalues = [-31.00354406476356]
  errors = [3.263654566509899e-05]
  cycle time = 8.4066162109375
  Lanczos iteration 46:  Eigenvalues = [-31.003562205443682]
  errors = [1.8140680122513686e-05]
  cycle time = 8.094653844833374
  Lanczos iteration 47:  Eigenvalues = [-31.003581815710152]
  errors = [1.9610266470238003e-05]
  cycle time = 8.281121969223022
  Lanczos iteration 48:  Eigenvalues = [-31.00358947588944]
  errors = [7.660179289104008e-06]
  cycle time = 7.786320209503174
  Lanczos iteration 49:  Eigenvalues = [-31.00360319478792]
  errors = [1.37188984794534e-05]
  cycle time = 8.182708024978638
  Lanczos iteration 50:  Eigenvalues = [-31.003603134616924]
  errors = [6.017099707378293e-08]
  cycle time = 8.171396732330322
  Lanczos iteration 51:  Eigenvalues = [-31.00360203683381]
  errors = [1.0977831124137083e-06]
  cycle time = 7.859048366546631
  Lanczos iteration 52:  Eigenvalues = [-31.00360213050319]
  errors = [9.366937803179098e-08]
  cycle time = 7.973773717880249
  Lanczos iteration 53:  Eigenvalues = [-31.00360215377743]
  errors = [2.3274239424608822e-08]
  cycle time = 9.234855890274048
  Lanczos iteration 54:  Eigenvalues = [-31.00360214671289]
  errors = [7.064539175871687e-09]
  cycle time = 8.500643253326416
  Entering lanczos._lowest_eigen with B=1, vals=[inf], dim=10, block_action=None, autocomplete=False, and thresh=1e-08 (values).
  Lanczos iteration 0:  Eigenvalues = [-31.001483893847375]
  errors = [inf]
  cycle time = 8.428062915802002
  Lanczos iteration 1:  Eigenvalues = [-31.002496305596836]
  errors = [0.00101241174946054]
  cycle time = 7.82539176940918
  Lanczos iteration 2:  Eigenvalues = [-31.00245793777094]
  errors = [3.836782589416998e-05]
  cycle time = 7.977639198303223
  Lanczos iteration 3:  Eigenvalues = [-31.002504827156528]
  errors = [4.688938558672362e-05]
  cycle time = 7.898068904876709
  Lanczos iteration 4:  Eigenvalues = [-31.002595796871788]
  errors = [9.096971525934805e-05]
  cycle time = 7.953562021255493
  Lanczos iteration 5:  Eigenvalues = [-31.002701609718947]
  errors = [0.0001058128471598252]
  cycle time = 8.307636976242065
  Lanczos iteration 6:  Eigenvalues = [-31.00265326612042]
  errors = [4.8343598528788334e-05]
  cycle time = 7.699218034744263
  Lanczos iteration 7:  Eigenvalues = [-31.002663008800965]
  errors = [9.74268054676486e-06]
  cycle time = 8.129536151885986
  Lanczos iteration 8:  Eigenvalues = [-31.002662505746894]
  errors = [5.030540712880338e-07]
  cycle time = 8.126914739608765
  Lanczos iteration 9:  Eigenvalues = [-31.002668333691933]
  errors = [5.827945038561211e-06]
  cycle time = 7.843080043792725
  Lanczos iteration 10:  Eigenvalues = [-31.00266838031522]
  errors = [4.662328834115215e-08]
  cycle time = 9.083615064620972
  Lanczos iteration 11:  Eigenvalues = [-31.002675000181828]
  errors = [6.6198666068828516e-06]
  cycle time = 8.244678020477295
  Lanczos iteration 12:  Eigenvalues = [-31.002675838230292]
  errors = [8.380484644021635e-07]
  cycle time = 7.997570037841797
  Lanczos iteration 13:  Eigenvalues = [-31.002685598049734]
  errors = [9.759819441512718e-06]
  cycle time = 8.115746021270752
  Lanczos iteration 14:  Eigenvalues = [-31.00344722336838]
  errors = [0.0007616253186455424]
  cycle time = 7.626878976821899
  Lanczos iteration 15:  Eigenvalues = [-31.002079672260177]
  errors = [0.001367551108202747]
  cycle time = 8.063484907150269
  Lanczos iteration 16:  Eigenvalues = [-31.002240493856025]
  errors = [0.00016082159584840383]
  cycle time = 8.143728256225586
  Lanczos iteration 17:  Eigenvalues = [-31.002253449117486]
  errors = [1.2955261460945167e-05]
  cycle time = 7.542435646057129
  Lanczos iteration 18:  Eigenvalues = [-31.002265086145993]
  errors = [1.1637028507038849e-05]
  cycle time = 8.373732089996338
  Lanczos iteration 19:  Eigenvalues = [-31.002273702782006]
  errors = [8.616636012703793e-06]
  cycle time = 10.250854015350342
  Lanczos iteration 20:  Eigenvalues = [-31.002284998405532]
  errors = [1.1295623526308418e-05]
  cycle time = 8.321019172668457
  Lanczos iteration 21:  Eigenvalues = [-31.002292607049416]
  errors = [7.608643883827426e-06]
  cycle time = 8.072450637817383
  Lanczos iteration 22:  Eigenvalues = [-31.002308027595245]
  errors = [1.542054582870378e-05]
  cycle time = 7.540628433227539
  Lanczos iteration 23:  Eigenvalues = [-31.002316962249207]
  errors = [8.93465396245574e-06]
  cycle time = 8.25956678390503
  Lanczos iteration 24:  Eigenvalues = [-31.002354473236732]
  errors = [3.7510987525024575e-05]
  cycle time = 7.786959171295166
  Lanczos iteration 25:  Eigenvalues = [-31.002378366073426]
  errors = [2.3892836694017205e-05]
  cycle time = 8.101081848144531
  Lanczos iteration 26:  Eigenvalues = [-31.003101993100067]
  errors = [0.0007236270266410827]
  cycle time = 7.738424062728882
  Lanczos iteration 27:  Eigenvalues = [-31.002651793381347]
  errors = [0.000450199718720512]
  cycle time = 13.719027757644653
  Lanczos iteration 28:  Eigenvalues = [-31.002633020092393]
  errors = [1.8773288953610745e-05]
  cycle time = 9.719076156616211
  Lanczos iteration 29:  Eigenvalues = [-31.002643952065107]
  errors = [1.0931972713734694e-05]
  cycle time = 8.03601598739624
  Lanczos iteration 30:  Eigenvalues = [-31.002649859607022]
  errors = [5.907541915206593e-06]
  cycle time = 8.268185138702393
  Lanczos iteration 31:  Eigenvalues = [-31.0026588382544]
  errors = [8.978647379365157e-06]
  cycle time = 8.105938911437988
  Lanczos iteration 32:  Eigenvalues = [-31.002664161087427]
  errors = [5.322833025900309e-06]
  cycle time = 7.94612193107605
  Lanczos iteration 33:  Eigenvalues = [-31.002670273822627]
  errors = [6.112735199792496e-06]
  cycle time = 8.101672887802124
  Lanczos iteration 34:  Eigenvalues = [-31.002674933576348]
  errors = [4.65975372065941e-06]
  cycle time = 8.02690315246582
  Lanczos iteration 35:  Eigenvalues = [-31.002679740069336]
  errors = [4.806492988507216e-06]
  cycle time = 7.9452619552612305
  Lanczos iteration 36:  Eigenvalues = [-31.00268403495998]
  errors = [4.294890644018778e-06]
  cycle time = 8.54221224784851
  Lanczos iteration 37:  Eigenvalues = [-31.00268820989871]
  errors = [4.1749387307277175e-06]
  cycle time = 8.317683935165405
  Lanczos iteration 38:  Eigenvalues = [-31.00269199226577]
  errors = [3.7823670595571457e-06]
  cycle time = 8.073024988174438
  Lanczos iteration 39:  Eigenvalues = [-31.002696408972152]
  errors = [4.416706381960012e-06]
  cycle time = 7.5759077072143555
  Lanczos iteration 40:  Eigenvalues = [-31.002700073652075]
  errors = [3.664679923076619e-06]
  cycle time = 8.514637231826782
  Lanczos iteration 41:  Eigenvalues = [-31.002706928969296]
  errors = [6.855317220555435e-06]
  cycle time = 8.560787916183472
  Lanczos iteration 42:  Eigenvalues = [-31.00271100907796]
  errors = [4.080108663373494e-06]
  cycle time = 8.2670259475708
  Lanczos iteration 43:  Eigenvalues = [-31.003637238716795]
  errors = [0.0009262296388357072]
  cycle time = 7.597794055938721
  Lanczos iteration 44:  Eigenvalues = [-31.002029574257254]
  errors = [0.0016076644595415246]
  cycle time = 8.113497018814087
  Lanczos iteration 45:  Eigenvalues = [-31.00206260050349]
  errors = [3.302624623557904e-05]
  cycle time = 8.538335084915161
  Lanczos iteration 46:  Eigenvalues = [-31.002081355649832]
  errors = [1.8755146342641638e-05]
  cycle time = 8.254935026168823
  Lanczos iteration 47:  Eigenvalues = [-31.002097391366007]
  errors = [1.6035716175366588e-05]
  cycle time = 7.974575757980347
  Lanczos iteration 48:  Eigenvalues = [-31.002106924315243]
  errors = [9.532949235335764e-06]
  cycle time = 7.855561017990112
  Lanczos iteration 49:  Eigenvalues = [-31.00212301214773]
  errors = [1.6087832488409504e-05]
  cycle time = 8.425469160079956
  Lanczos iteration 50:  Eigenvalues = [-31.002128084994464]
  errors = [5.072846732900871e-06]
  cycle time = 8.099148988723755
  Lanczos iteration 51:  Eigenvalues = [-31.002142862493027]
  errors = [1.4777498563489644e-05]
  cycle time = 7.584789037704468
  Lanczos iteration 52:  Eigenvalues = [-31.002146288345067]
  errors = [3.4258520393848357e-06]
  cycle time = 8.201466798782349
  Lanczos iteration 53:  Eigenvalues = [-31.00216039428334]
  errors = [1.4105938273445418e-05]
  cycle time = 7.7397682666778564
  Lanczos iteration 54:  Eigenvalues = [-31.00216277259647]
  errors = [2.378313130435572e-06]
  cycle time = 8.043716669082642
  Lanczos iteration 55:  Eigenvalues = [-31.002176305469046]
  errors = [1.3532872575439114e-05]
  cycle time = 7.856248140335083
  Lanczos iteration 56:  Eigenvalues = [-31.002178171950206]
  errors = [1.8664811598512188e-06]
  cycle time = 7.835462808609009
  Lanczos iteration 57:  Eigenvalues = [-31.00219113272929]
  errors = [1.2960779084636442e-05]
  cycle time = 8.114331245422363
  Lanczos iteration 58:  Eigenvalues = [-31.002192750054764]
  errors = [1.617325473546316e-06]
  cycle time = 7.982101917266846
  Lanczos iteration 59:  Eigenvalues = [-31.002205219303388]
  errors = [1.2469248623858675e-05]
  cycle time = 7.693839073181152
  Lanczos iteration 60:  Eigenvalues = [-31.002206694518257]
  errors = [1.475214869373076e-06]
  cycle time = 8.13822603225708
  Lanczos iteration 61:  Eigenvalues = [-31.002219139582166]
  errors = [1.2445063909183318e-05]
  cycle time = 7.826858997344971
  Lanczos iteration 62:  Eigenvalues = [-31.002220584589377]
  errors = [1.445007210776339e-06]
  cycle time = 7.9731810092926025
  Lanczos iteration 63:  Eigenvalues = [-31.002233214000405]
  errors = [1.2629411028086679e-05]
  cycle time = 7.869101047515869
  Lanczos iteration 64:  Eigenvalues = [-31.002234657262143]
  errors = [1.4432617376769485e-06]
  cycle time = 8.117122888565063
  Lanczos iteration 65:  Eigenvalues = [-31.002248084225556]
  errors = [1.3426963413110116e-05]
  cycle time = 8.157544136047363
  Lanczos iteration 66:  Eigenvalues = [-31.00224962818117]
  errors = [1.5439556122487375e-06]
  cycle time = 7.651271820068359
  Lanczos iteration 67:  Eigenvalues = [-31.00226429064448]
  errors = [1.4662463311054807e-05]
  cycle time = 8.325230121612549
  Lanczos iteration 68:  Eigenvalues = [-31.00226594474181]
  errors = [1.6540973319933983e-06]
  cycle time = 7.974468946456909
  Lanczos iteration 69:  Eigenvalues = [-31.002283037583172]
  errors = [1.7092841360977218e-05]
  cycle time = 7.8547399044036865
  Lanczos iteration 70:  Eigenvalues = [-31.002285095757145]
  errors = [2.058173972585564e-06]
  cycle time = 7.9586522579193115
  Lanczos iteration 71:  Eigenvalues = [-31.002306195897134]
  errors = [2.1100139989016498e-05]
  cycle time = 7.798882722854614
  Lanczos iteration 72:  Eigenvalues = [-31.00230893307079]
  errors = [2.7371736557313397e-06]
  cycle time = 8.238559007644653
  Lanczos iteration 73:  Eigenvalues = [-31.00233914045742]
  errors = [3.020738662939948e-05]
  cycle time = 8.056927919387817
  Lanczos iteration 74:  Eigenvalues = [-31.002345952378775]
  errors = [6.811921355875938e-06]
  cycle time = 9.11506199836731
  Lanczos iteration 75:  Eigenvalues = [-31.00239235472561]
  errors = [4.6402346836060815e-05]
  cycle time = 8.582918167114258
  Lanczos iteration 76:  Eigenvalues = [-31.002408408967426]
  errors = [1.6054241815055548e-05]
  cycle time = 7.790024995803833
  Lanczos iteration 77:  Eigenvalues = [-31.002467597159672]
  errors = [5.9188192246040217e-05]
  cycle time = 8.00804090499878
  Lanczos iteration 78:  Eigenvalues = [-31.00249756323437]
  errors = [2.996607469896162e-05]
  cycle time = 7.841828107833862
  Lanczos iteration 79:  Eigenvalues = [-31.002537732118522]
  errors = [4.016888415137032e-05]
  cycle time = 8.598286867141724
  Lanczos iteration 80:  Eigenvalues = [-31.002557079913423]
  errors = [1.9347794900426152e-05]
  cycle time = 8.904722213745117
  Lanczos iteration 81:  Eigenvalues = [-31.00258609236449]
  errors = [2.9012451065568712e-05]
  cycle time = 7.849658966064453
  Lanczos iteration 82:  Eigenvalues = [-31.002605335437615]
  errors = [1.9243073126062882e-05]
  cycle time = 8.085991144180298
  Lanczos iteration 83:  Eigenvalues = [-31.002617047529185]
  errors = [1.1712091570359462e-05]
  cycle time = 8.065161943435669
  Lanczos iteration 84:  Eigenvalues = [-31.00262460359661]
  errors = [7.556067426861546e-06]
  cycle time = 7.9799089431762695
  Lanczos iteration 85:  Eigenvalues = [-31.002638831669813]
  errors = [1.4228073201394409e-05]
  cycle time = 8.281907796859741
  Lanczos iteration 86:  Eigenvalues = [-31.002644491837778]
  errors = [5.660167964549601e-06]
  cycle time = 8.12285590171814
  Lanczos iteration 87:  Eigenvalues = [-31.00265059552421]
  errors = [6.103686430947164e-06]
  cycle time = 7.7261621952056885
  Lanczos iteration 88:  Eigenvalues = [-31.00265535122328]
  errors = [4.755699070102537e-06]
  cycle time = 8.366420984268188
  Lanczos iteration 89:  Eigenvalues = [-31.002660160448585]
  errors = [4.809225305990594e-06]
  cycle time = 7.968195199966431
  Lanczos iteration 90:  Eigenvalues = [-31.002663724663744]
  errors = [3.5642151594572624e-06]
  cycle time = 8.360093832015991
  Lanczos iteration 91:  Eigenvalues = [-31.00266739419877]
  errors = [3.669535026062931e-06]
  cycle time = 7.983098030090332
  Lanczos iteration 92:  Eigenvalues = [-31.002670277865317]
  errors = [2.883666546438235e-06]
  cycle time = 7.744701147079468
  Lanczos iteration 93:  Eigenvalues = [-31.002673350375442]
  errors = [3.0725101254347464e-06]
  cycle time = 8.260671854019165
  Lanczos iteration 94:  Eigenvalues = [-31.002675834697744]
  errors = [2.484322301654629e-06]
  cycle time = 7.882163047790527
  Lanczos iteration 95:  Eigenvalues = [-31.002678495327228]
  errors = [2.6606294838416034e-06]
  cycle time = 8.22562575340271
  Lanczos iteration 96:  Eigenvalues = [-31.002680742566483]
  errors = [2.2472392551264875e-06]
  cycle time = 7.898775100708008
  Lanczos iteration 97:  Eigenvalues = [-31.00268319964679]
  errors = [2.4570803063284075e-06]
  cycle time = 7.973546028137207
  Lanczos iteration 98:  Eigenvalues = [-31.002685318018735]
  errors = [2.11837194541431e-06]
  cycle time = 8.253931999206543
  Lanczos iteration 99:  Eigenvalues = [-31.002687689470978]
  errors = [2.3714522434659102e-06]
  cycle time = 7.981644153594971
  Lanczos iteration 100:  Eigenvalues = [-31.002689720079044]
  errors = [2.0306080656951053e-06]
  cycle time = 8.186123847961426
  Lanczos iteration 101:  Eigenvalues = [-31.002692156794826]
  errors = [2.4367157820393004e-06]
  cycle time = 7.851346969604492
  Lanczos iteration 102:  Eigenvalues = [-31.002694060074468]
  errors = [1.9032796423346099e-06]
  cycle time = 7.896527051925659
  Lanczos iteration 103:  Eigenvalues = [-31.002696619045334]
  errors = [2.5589708663176225e-06]
  cycle time = 8.358956098556519
  Lanczos iteration 104:  Eigenvalues = [-31.0026982075839]
  errors = [1.5885385664660134e-06]
  cycle time = 7.968832731246948
  Lanczos iteration 105:  Eigenvalues = [-31.00270096717151]
  errors = [2.7595876090913407e-06]
  cycle time = 8.09714126586914
  Lanczos iteration 106:  Eigenvalues = [-31.002702175486977]
  errors = [1.208315467238208e-06]
  cycle time = 7.950389862060547
  Lanczos iteration 107:  Eigenvalues = [-31.002704013197288]
  errors = [1.8377103110367443e-06]
  cycle time = 8.015990018844604
  Lanczos iteration 108:  Eigenvalues = [-31.002703926502974]
  errors = [8.669431394991989e-08]
  cycle time = 8.333085060119629
  Lanczos iteration 109:  Eigenvalues = [-31.002706075067817]
  errors = [2.1485648424857118e-06]
  cycle time = 7.973743915557861
  Lanczos iteration 110:  Eigenvalues = [-31.002706187963067]
  errors = [1.1289525048141513e-07]
  cycle time = 7.729907035827637
  Lanczos iteration 111:  Eigenvalues = [-31.00270793255561]
  errors = [1.7445925415415786e-06]
  cycle time = 8.16342282295227
  Lanczos iteration 112:  Eigenvalues = [-31.002708135258263]
  errors = [2.027026546613797e-07]
  cycle time = 7.767657279968262
  Lanczos iteration 113:  Eigenvalues = [-31.002709773597147]
  errors = [1.6383388832252876e-06]
  cycle time = 8.811862707138062
  Lanczos iteration 114:  Eigenvalues = [-31.00271003079833]
  errors = [2.572011830181964e-07]
  cycle time = 8.112377166748047
  Lanczos iteration 115:  Eigenvalues = [-31.00271158553325]
  errors = [1.5547349185851544e-06]
  cycle time = 7.772684097290039
  Lanczos iteration 116:  Eigenvalues = [-31.002711864942114]
  errors = [2.794088658220062e-07]
  cycle time = 8.280794858932495
  Lanczos iteration 117:  Eigenvalues = [-31.00271334433601]
  errors = [1.479393894499026e-06]
  cycle time = 8.08205509185791
  Lanczos iteration 118:  Eigenvalues = [-31.00271363355783]
  errors = [2.8922181982693473e-07]
  cycle time = 8.010969877243042
  Lanczos iteration 119:  Eigenvalues = [-31.002715037910153]
  errors = [1.4043523250961698e-06]
  cycle time = 8.203918218612671
  Lanczos iteration 120:  Eigenvalues = [-31.00271532284957]
  errors = [2.849394178383591e-07]
  cycle time = 7.665741920471191
  Lanczos iteration 121:  Eigenvalues = [-31.002716647759684]
  errors = [1.3249101122880802e-06]
  cycle time = 8.181441068649292
  Lanczos iteration 122:  Eigenvalues = [-31.0027169339651]
  errors = [2.862054166996586e-07]
  cycle time = 8.216899871826172
  Lanczos iteration 123:  Eigenvalues = [-31.00271817650513]
  errors = [1.2425400299775902e-06]
  cycle time = 8.000004053115845
  Lanczos iteration 124:  Eigenvalues = [-31.00271844625012]
  errors = [2.697449907884675e-07]
  cycle time = 8.12360405921936
  Lanczos iteration 125:  Eigenvalues = [-31.002719597601047]
  errors = [1.1513509257099486e-06]
  cycle time = 8.064347743988037
  Lanczos iteration 126:  Eigenvalues = [-31.00271987512964]
  errors = [2.7752859210750103e-07]
  cycle time = 7.9737842082977295
  Lanczos iteration 127:  Eigenvalues = [-31.002720962001955]
  errors = [1.0868723165913252e-06]
  cycle time = 8.314236164093018
  Lanczos iteration 128:  Eigenvalues = [-31.002721116066553]
  errors = [1.5406459752398405e-07]
  cycle time = 7.676362037658691
  Lanczos iteration 129:  Eigenvalues = [-31.002722073047313]
  errors = [9.569807595255497e-07]
  cycle time = 8.00026273727417
  Lanczos iteration 130:  Eigenvalues = [-31.00272240833765]
  errors = [3.3529033771628747e-07]
  cycle time = 8.145787954330444
  Lanczos iteration 131:  Eigenvalues = [-31.00272342208993]
  errors = [1.0137522785669262e-06]
  cycle time = 8.25274109840393
  Lanczos iteration 132:  Eigenvalues = [-31.002723112370642]
  errors = [3.097192866619025e-07]
  cycle time = 7.670871019363403
  Lanczos iteration 133:  Eigenvalues = [-31.002723715920485]
  errors = [6.035498429923791e-07]
  cycle time = 8.016644954681396
  Lanczos iteration 134:  Eigenvalues = [-31.002723707271866]
  errors = [8.648619598261575e-09]
  cycle time = 7.972954988479614
  Entering lanczos._lowest_eigen with B=1, vals=[inf], dim=10, block_action=None, autocomplete=False, and thresh=1e-08 (values).
  Lanczos iteration 0:  Eigenvalues = [-31.001986221645886]
  errors = [inf]
  cycle time = 7.893846035003662
  Lanczos iteration 1:  Eigenvalues = [-31.002173867131884]
  errors = [0.00018764548599747854]
  cycle time = 7.8349549770355225
  Lanczos iteration 2:  Eigenvalues = [-31.002115045352927]
  errors = [5.8821778956996695e-05]
  cycle time = 8.074820041656494
  Lanczos iteration 3:  Eigenvalues = [-31.0021146865968]
  errors = [3.587561252516025e-07]
  cycle time = 7.919266939163208
  Lanczos iteration 4:  Eigenvalues = [-31.002120298836193]
  errors = [5.612239391439289e-06]
  cycle time = 8.192052125930786
  Lanczos iteration 5:  Eigenvalues = [-31.00212171525867]
  errors = [1.4164224779733559e-06]
  cycle time = 8.007426023483276
  Lanczos iteration 6:  Eigenvalues = [-31.002123688923895]
  errors = [1.973665224141996e-06]
  cycle time = 8.022528886795044
  Lanczos iteration 7:  Eigenvalues = [-31.00212425456052]
  errors = [5.656366255379908e-07]
  cycle time = 8.049994945526123
  Lanczos iteration 8:  Eigenvalues = [-31.002126147437707]
  errors = [1.892877186548958e-06]
  cycle time = 8.09316110610962
  Lanczos iteration 9:  Eigenvalues = [-31.00212798240543]
  errors = [1.8349677226581207e-06]
  cycle time = 7.8250181674957275
  Lanczos iteration 10:  Eigenvalues = [-31.002129389582677]
  errors = [1.4071772476142996e-06]
  cycle time = 8.2076096534729
  Lanczos iteration 11:  Eigenvalues = [-31.002132223148788]
  errors = [2.8335661106382304e-06]
  cycle time = 8.080876111984253
  Lanczos iteration 12:  Eigenvalues = [-31.00213131450801]
  errors = [9.086407786185191e-07]
  cycle time = 7.771403074264526
  Lanczos iteration 13:  Eigenvalues = [-31.002133018871262]
  errors = [1.7043632531965613e-06]
  cycle time = 8.058948040008545
  Lanczos iteration 14:  Eigenvalues = [-31.002132039547465]
  errors = [9.793237971678082e-07]
  cycle time = 8.02082109451294
  Lanczos iteration 15:  Eigenvalues = [-31.002133329741373]
  errors = [1.2901939072662572e-06]
  cycle time = 7.9670000076293945
  Lanczos iteration 16:  Eigenvalues = [-31.002132507114485]
  errors = [8.226268874977904e-07]
  cycle time = 8.596850872039795
  Lanczos iteration 17:  Eigenvalues = [-31.002133344448517]
  errors = [8.373340314449251e-07]
  cycle time = 7.976530075073242
  Lanczos iteration 18:  Eigenvalues = [-31.002132898924128]
  errors = [4.455243889367466e-07]
  cycle time = 8.234653949737549
  Lanczos iteration 19:  Eigenvalues = [-31.002132895455258]
  errors = [3.468869635980809e-09]
  cycle time = 8.041735172271729
  1.0000000000000004    3.90473932484689e-10    -8.861172754760782e-12    -4.279316972392172e-13  
  3.90473932484689e-10    1.0000000000000007    -1.8601833268183654e-10    7.241810970337603e-11  
  -8.861172754760782e-12    -1.8601833268183654e-10    0.9999999999999987    2.6578311773661767e-10  
  -4.279316972392172e-13    7.241810970337603e-11    2.6578311773661767e-10    0.9999999999999996  

  E_gs = -29.1206139315797

    n_config_n 1
    n_config_n 16
    n_config_n 120
    n_config_n 448
    n_config_n 784
    1: 6 x (16,)
    0: 14 x (120,)
    -1: 8 x (448,)
(qode) [adutoi@tengri:Applications/frag-states]%
